This file contains any messages produced by compilers while
running configure, to aid debugging if configure makes a mistake.

It was created by m5 configure 0.1, which was
generated by GNU Autoconf 2.69.  Invocation command line was

  $ ./configure 

## --------- ##
## Platform. ##
## --------- ##

hostname = cikada
uname -m = x86_64
uname -r = 3.7.3-gentoo
uname -s = Linux
uname -v = #1 SMP Mon Jan 21 01:03:28 CST 2013

/usr/bin/uname -p = Intel(R) Xeon(R) CPU E5420 @ 2.50GHz
/bin/uname -X     = unknown

/bin/arch              = unknown
/usr/bin/arch -k       = unknown
/usr/convex/getsysinfo = unknown
/usr/bin/hostinfo      = unknown
/bin/machine           = unknown
/usr/bin/oslevel       = unknown
/bin/universe          = unknown

PATH: /usr/local/bin
PATH: /usr/bin
PATH: /bin
PATH: /opt/bin
PATH: /usr/x86_64-pc-linux-gnu/gcc-bin/4.6.3
PATH: /home/garfileo/.myscript
PATH: /home/garfileo/.local/bin


## ----------- ##
## Core tests. ##
## ----------- ##

configure:1846: checking for a BSD-compatible install
configure:1914: result: /usr/bin/install -c
configure:1925: checking whether build environment is sane
configure:1980: result: yes
configure:2131: checking for a thread-safe mkdir -p
configure:2170: result: /bin/mkdir -p
configure:2177: checking for gawk
configure:2193: found /usr/bin/gawk
configure:2204: result: gawk
configure:2215: checking whether make sets $(MAKE)
configure:2237: result: yes
configure:2266: checking whether make supports nested variables
configure:2283: result: yes
configure:2411: checking for gcc
configure:2427: found /usr/bin/gcc
configure:2438: result: gcc
configure:2667: checking for C compiler version
configure:2676: gcc --version >&5
gcc (Gentoo 4.6.3 p1.10, pie-0.5.2) 4.6.3
Copyright (C) 2011 Free Software Foundation, Inc.
This is free software; see the source for copying conditions.  There is NO
warranty; not even for MERCHANTABILITY or FITNESS FOR A PARTICULAR PURPOSE.

configure:2687: $? = 0
configure:2676: gcc -v >&5
Using built-in specs.
COLLECT_GCC=/usr/x86_64-pc-linux-gnu/gcc-bin/4.6.3/gcc
COLLECT_LTO_WRAPPER=/usr/libexec/gcc/x86_64-pc-linux-gnu/4.6.3/lto-wrapper
Target: x86_64-pc-linux-gnu
Configured with: /var/tmp/portage/sys-devel/gcc-4.6.3/work/gcc-4.6.3/configure --prefix=/usr --bindir=/usr/x86_64-pc-linux-gnu/gcc-bin/4.6.3 --includedir=/usr/lib/gcc/x86_64-pc-linux-gnu/4.6.3/include --datadir=/usr/share/gcc-data/x86_64-pc-linux-gnu/4.6.3 --mandir=/usr/share/gcc-data/x86_64-pc-linux-gnu/4.6.3/man --infodir=/usr/share/gcc-data/x86_64-pc-linux-gnu/4.6.3/info --with-gxx-include-dir=/usr/lib/gcc/x86_64-pc-linux-gnu/4.6.3/include/g++-v4 --host=x86_64-pc-linux-gnu --build=x86_64-pc-linux-gnu --disable-altivec --disable-fixed-point --without-ppl --without-cloog --enable-lto --enable-nls --without-included-gettext --with-system-zlib --enable-obsolete --disable-werror --enable-secureplt --disable-multilib --enable-libmudflap --disable-libssp --enable-libgomp --with-python-dir=/share/gcc-data/x86_64-pc-linux-gnu/4.6.3/python --enable-checking=release --enable-libstdcxx-time --enable-languages=c,c++,java,fortran --enable-shared --enable-threads=posix --enable-__cxa_atexit --enable-clocale=gnu --enable-targets=all --with-bugurl=http://bugs.gentoo.org/ --with-pkgversion='Gentoo 4.6.3 p1.10, pie-0.5.2'
Thread model: posix
gcc version 4.6.3 (Gentoo 4.6.3 p1.10, pie-0.5.2) 
configure:2687: $? = 0
configure:2676: gcc -V >&5
gcc: error: unrecognized option '-V'
gcc: fatal error: no input files
compilation terminated.
configure:2687: $? = 1
configure:2676: gcc -qversion >&5
gcc: error: unrecognized option '-qversion'
gcc: fatal error: no input files
compilation terminated.
configure:2687: $? = 1
configure:2707: checking whether the C compiler works
configure:2729: gcc    conftest.c  >&5
configure:2733: $? = 0
configure:2781: result: yes
configure:2784: checking for C compiler default output file name
configure:2786: result: a.out
configure:2792: checking for suffix of executables
configure:2799: gcc -o conftest    conftest.c  >&5
configure:2803: $? = 0
configure:2825: result: 
configure:2847: checking whether we are cross compiling
configure:2855: gcc -o conftest    conftest.c  >&5
configure:2859: $? = 0
configure:2866: ./conftest
configure:2870: $? = 0
configure:2885: result: no
configure:2890: checking for suffix of object files
configure:2912: gcc -c   conftest.c >&5
configure:2916: $? = 0
configure:2937: result: o
configure:2941: checking whether we are using the GNU C compiler
configure:2960: gcc -c   conftest.c >&5
configure:2960: $? = 0
configure:2969: result: yes
configure:2978: checking whether gcc accepts -g
configure:2998: gcc -c -g  conftest.c >&5
configure:2998: $? = 0
configure:3039: result: yes
configure:3056: checking for gcc option to accept ISO C89
configure:3119: gcc  -c -g -O2  conftest.c >&5
configure:3119: $? = 0
configure:3132: result: none needed
configure:3163: checking for style of include used by make
configure:3191: result: GNU
configure:3217: checking dependency style of gcc
configure:3328: result: gcc3
configure:3344: checking whether gcc and cc understand -c and -o together
configure:3375: gcc -c conftest.c -o conftest2.o >&5
configure:3379: $? = 0
configure:3385: gcc -c conftest.c -o conftest2.o >&5
configure:3389: $? = 0
configure:3400: cc -c conftest.c >&5
configure:3404: $? = 0
configure:3412: cc -c conftest.c -o conftest2.o >&5
configure:3416: $? = 0
configure:3422: cc -c conftest.c -o conftest2.o >&5
configure:3426: $? = 0
configure:3444: result: yes
configure:3524: checking for pkg-config
configure:3542: found /usr/bin/pkg-config
configure:3554: result: /usr/bin/pkg-config
configure:3579: checking pkg-config is at least version 0.9.0
configure:3582: result: yes
configure:3592: checking for GLIB
configure:3599: $PKG_CONFIG --exists --print-errors "glib-2.0"
configure:3602: $? = 0
configure:3616: $PKG_CONFIG --exists --print-errors "glib-2.0"
configure:3619: $? = 0
configure:3677: result: yes
configure:3795: checking that generated files are newer than configure
configure:3801: result: done
configure:3824: creating ./config.status

## ---------------------- ##
## Running config.status. ##
## ---------------------- ##

This file was extended by m5 config.status 0.1, which was
generated by GNU Autoconf 2.69.  Invocation command line was

  CONFIG_FILES    = 
  CONFIG_HEADERS  = 
  CONFIG_LINKS    = 
  CONFIG_COMMANDS = 
  $ ./config.status 

on cikada

config.status:844: creating Makefile
config.status:844: creating config.h
config.status:1073: executing depfiles commands

## ---------------- ##
## Cache variables. ##
## ---------------- ##

ac_cv_c_compiler_gnu=yes
ac_cv_env_CC_set=
ac_cv_env_CC_value=
ac_cv_env_CFLAGS_set=
ac_cv_env_CFLAGS_value=
ac_cv_env_CPPFLAGS_set=
ac_cv_env_CPPFLAGS_value=
ac_cv_env_GLIB_CFLAGS_set=
ac_cv_env_GLIB_CFLAGS_value=
ac_cv_env_GLIB_LIBS_set=
ac_cv_env_GLIB_LIBS_value=
ac_cv_env_LDFLAGS_set=
ac_cv_env_LDFLAGS_value=
ac_cv_env_LIBS_set=
ac_cv_env_LIBS_value=
ac_cv_env_PKG_CONFIG_LIBDIR_set=
ac_cv_env_PKG_CONFIG_LIBDIR_value=
ac_cv_env_PKG_CONFIG_PATH_set=
ac_cv_env_PKG_CONFIG_PATH_value=
ac_cv_env_PKG_CONFIG_set=
ac_cv_env_PKG_CONFIG_value=
ac_cv_env_build_alias_set=
ac_cv_env_build_alias_value=
ac_cv_env_host_alias_set=
ac_cv_env_host_alias_value=
ac_cv_env_target_alias_set=
ac_cv_env_target_alias_value=
ac_cv_objext=o
ac_cv_path_ac_pt_PKG_CONFIG=/usr/bin/pkg-config
ac_cv_path_install='/usr/bin/install -c'
ac_cv_path_mkdir=/bin/mkdir
ac_cv_prog_AWK=gawk
ac_cv_prog_ac_ct_CC=gcc
ac_cv_prog_cc_c89=
ac_cv_prog_cc_g=yes
ac_cv_prog_cc_gcc_c_o=yes
ac_cv_prog_make_make_set=yes
am_cv_CC_dependencies_compiler_type=gcc3
am_cv_make_support_nested_variables=yes
pkg_cv_GLIB_CFLAGS='-I/usr/include/glib-2.0 -I/usr/lib64/glib-2.0/include  '
pkg_cv_GLIB_LIBS='-lglib-2.0  '

## ----------------- ##
## Output variables. ##
## ----------------- ##

ACLOCAL='${SHELL} /home/garfileo/public/my-project/m5/build-aux/missing aclocal-1.13'
AMDEPBACKSLASH='\'
AMDEP_FALSE='#'
AMDEP_TRUE=''
AMTAR='$${TAR-tar}'
AM_BACKSLASH='\'
AM_DEFAULT_V='$(AM_DEFAULT_VERBOSITY)'
AM_DEFAULT_VERBOSITY='1'
AM_V='$(V)'
AUTOCONF='${SHELL} /home/garfileo/public/my-project/m5/build-aux/missing autoconf'
AUTOHEADER='${SHELL} /home/garfileo/public/my-project/m5/build-aux/missing autoheader'
AUTOMAKE='${SHELL} /home/garfileo/public/my-project/m5/build-aux/missing automake-1.13'
AWK='gawk'
CC='gcc'
CCDEPMODE='depmode=gcc3'
CFLAGS='-g -O2'
CPPFLAGS=''
CYGPATH_W='echo'
DEFS='-DHAVE_CONFIG_H'
DEPDIR='.deps'
ECHO_C=''
ECHO_N='-n'
ECHO_T=''
EXEEXT=''
GLIB_CFLAGS='-I/usr/include/glib-2.0 -I/usr/lib64/glib-2.0/include  '
GLIB_LIBS='-lglib-2.0  '
INSTALL_DATA='${INSTALL} -m 644'
INSTALL_PROGRAM='${INSTALL}'
INSTALL_SCRIPT='${INSTALL}'
INSTALL_STRIP_PROGRAM='$(install_sh) -c -s'
LDFLAGS=''
LIBOBJS=''
LIBS=''
LTLIBOBJS=''
MAKEINFO='${SHELL} /home/garfileo/public/my-project/m5/build-aux/missing makeinfo'
MKDIR_P='/bin/mkdir -p'
OBJEXT='o'
PACKAGE='m5'
PACKAGE_BUGREPORT=''
PACKAGE_NAME='m5'
PACKAGE_STRING='m5 0.1'
PACKAGE_TARNAME='m5'
PACKAGE_URL=''
PACKAGE_VERSION='0.1'
PATH_SEPARATOR=':'
PKG_CONFIG='/usr/bin/pkg-config'
PKG_CONFIG_LIBDIR=''
PKG_CONFIG_PATH=''
SET_MAKE=''
SHELL='/bin/sh'
STRIP=''
VERSION='0.1'
ac_ct_CC='gcc'
am__EXEEXT_FALSE=''
am__EXEEXT_TRUE='#'
am__fastdepCC_FALSE='#'
am__fastdepCC_TRUE=''
am__include='include'
am__isrc=''
am__leading_dot='.'
am__nodep='_no'
am__quote=''
am__tar='$${TAR-tar} chof - "$$tardir"'
am__untar='$${TAR-tar} xf -'
bindir='${exec_prefix}/bin'
build_alias=''
datadir='${datarootdir}'
datarootdir='${prefix}/share'
docdir='${datarootdir}/doc/${PACKAGE_TARNAME}'
dvidir='${docdir}'
exec_prefix='${prefix}'
host_alias=''
htmldir='${docdir}'
includedir='${prefix}/include'
infodir='${datarootdir}/info'
install_sh='${SHELL} /home/garfileo/public/my-project/m5/build-aux/install-sh'
libdir='${exec_prefix}/lib'
libexecdir='${exec_prefix}/libexec'
localedir='${datarootdir}/locale'
localstatedir='${prefix}/var'
mandir='${datarootdir}/man'
mkdir_p='$(MKDIR_P)'
oldincludedir='/usr/include'
pdfdir='${docdir}'
prefix='/usr/local'
program_transform_name='s,x,x,'
psdir='${docdir}'
sbindir='${exec_prefix}/sbin'
sharedstatedir='${prefix}/com'
sysconfdir='${prefix}/etc'
target_alias=''

## ----------- ##
## confdefs.h. ##
## ----------- ##

/* confdefs.h */
#define PACKAGE_NAME "m5"
#define PACKAGE_TARNAME "m5"
#define PACKAGE_VERSION "0.1"
#define PACKAGE_STRING "m5 0.1"
#define PACKAGE_BUGREPORT ""
#define PACKAGE_URL ""
#define PACKAGE "m5"
#define VERSION "0.1"

configure: exit 0

## ---------------------- ##
## Running config.status. ##
## ---------------------- ##

This file was extended by m5 config.status 0.1, which was
generated by GNU Autoconf 2.69.  Invocation command line was

  CONFIG_FILES    = 
  CONFIG_HEADERS  = 
  CONFIG_LINKS    = 
  CONFIG_COMMANDS = 
  $ ./config.status Makefile depfiles

on cikada

config.status:844: creating Makefile
config.status:1073: executing depfiles commands

## ---------------------- ##
## Running config.status. ##
## ---------------------- ##

This file was extended by m5 config.status 0.1, which was
generated by GNU Autoconf 2.69.  Invocation command line was

  CONFIG_FILES    = 
  CONFIG_HEADERS  = 
  CONFIG_LINKS    = 
  CONFIG_COMMANDS = 
  $ ./config.status Makefile depfiles

on cikada

config.status:844: creating Makefile
config.status:1073: executing depfiles commands

## ---------------------- ##
## Running config.status. ##
## ---------------------- ##

This file was extended by m5 config.status 0.1, which was
generated by GNU Autoconf 2.69.  Invocation command line was

  CONFIG_FILES    = 
  CONFIG_HEADERS  = 
  CONFIG_LINKS    = 
  CONFIG_COMMANDS = 
  $ ./config.status Makefile depfiles

on cikada

config.status:844: creating Makefile
config.status:1073: executing depfiles commands

## ---------------------- ##
## Running config.status. ##
## ---------------------- ##

This file was extended by m5 config.status 0.1, which was
generated by GNU Autoconf 2.69.  Invocation command line was

  CONFIG_FILES    = 
  CONFIG_HEADERS  = 
  CONFIG_LINKS    = 
  CONFIG_COMMANDS = 
  $ ./config.status Makefile depfiles

on cikada

config.status:844: creating Makefile
config.status:1073: executing depfiles commands
